Determining if the pthread_create exist failed with the following output:
Change Dir: /home/tati2327/Documentos/GITHUB/P1/Server/cmake-build-debug/CMakeFiles/CMakeTmp

Run Build Command:"/usr/bin/make" "cmTC_8dd96/fast"
/usr/bin/make -f CMakeFiles/cmTC_8dd96.dir/build.make CMakeFiles/cmTC_8dd96.dir/build
make[1]: se entra en el directorio '/home/tati2327/Documentos/GITHUB/P1/Server/cmake-build-debug/CMakeFiles/CMakeTmp'
Building C object CMakeFiles/cmTC_8dd96.dir/CheckSymbolExists.c.o
/usr/bin/cc    -o CMakeFiles/cmTC_8dd96.dir/CheckSymbolExists.c.o   -c /home/tati2327/Documentos/GITHUB/P1/Server/cmake-build-debug/CMakeFiles/CMakeTmp/CheckSymbolExists.c
Linking C executable cmTC_8dd96
/home/tati2327/clion-2018.3.4/bin/cmake/linux/bin/cmake -E cmake_link_script CMakeFiles/cmTC_8dd96.dir/link.txt --verbose=1
/usr/bin/cc      CMakeFiles/cmTC_8dd96.dir/CheckSymbolExists.c.o  -o cmTC_8dd96 
CMakeFiles/cmTC_8dd96.dir/CheckSymbolExists.c.o: En la función `main':
CheckSymbolExists.c:(.text+0x1b): referencia a `pthread_create' sin definir
collect2: error: ld returned 1 exit status
CMakeFiles/cmTC_8dd96.dir/build.make:86: recipe for target 'cmTC_8dd96' failed
make[1]: *** [cmTC_8dd96] Error 1
make[1]: se sale del directorio '/home/tati2327/Documentos/GITHUB/P1/Server/cmake-build-debug/CMakeFiles/CMakeTmp'
Makefile:121: recipe for target 'cmTC_8dd96/fast' failed
make: *** [cmTC_8dd96/fast] Error 2

File /home/tati2327/Documentos/GITHUB/P1/Server/cmake-build-debug/CMakeFiles/CMakeTmp/CheckSymbolExists.c:
/* */
#include <pthread.h>

int main(int argc, char** argv)
{
  (void)argv;
#ifndef pthread_create
  return ((int*)(&pthread_create))[argc];
#else
  (void)argc;
  return 0;
#endif
}

Determining if the function pthread_create exists in the pthreads failed with the following output:
Change Dir: /home/tati2327/Documentos/GITHUB/P1/Server/cmake-build-debug/CMakeFiles/CMakeTmp

Run Build Command:"/usr/bin/make" "cmTC_4cf3d/fast"
/usr/bin/make -f CMakeFiles/cmTC_4cf3d.dir/build.make CMakeFiles/cmTC_4cf3d.dir/build
make[1]: se entra en el directorio '/home/tati2327/Documentos/GITHUB/P1/Server/cmake-build-debug/CMakeFiles/CMakeTmp'
Building C object CMakeFiles/cmTC_4cf3d.dir/CheckFunctionExists.c.o
/usr/bin/cc   -DCHECK_FUNCTION_EXISTS=pthread_create   -o CMakeFiles/cmTC_4cf3d.dir/CheckFunctionExists.c.o   -c /home/tati2327/clion-2018.3.4/bin/cmake/linux/share/cmake-3.13/Modules/CheckFunctionExists.c
Linking C executable cmTC_4cf3d
/home/tati2327/clion-2018.3.4/bin/cmake/linux/bin/cmake -E cmake_link_script CMakeFiles/cmTC_4cf3d.dir/link.txt --verbose=1
/usr/bin/cc  -DCHECK_FUNCTION_EXISTS=pthread_create    CMakeFiles/cmTC_4cf3d.dir/CheckFunctionExists.c.o  -o cmTC_4cf3d -lpthreads 
/usr/bin/ld: no se puede encontrar -lpthreads
collect2: error: ld returned 1 exit status
CMakeFiles/cmTC_4cf3d.dir/build.make:86: recipe for target 'cmTC_4cf3d' failed
make[1]: *** [cmTC_4cf3d] Error 1
make[1]: se sale del directorio '/home/tati2327/Documentos/GITHUB/P1/Server/cmake-build-debug/CMakeFiles/CMakeTmp'
Makefile:121: recipe for target 'cmTC_4cf3d/fast' failed
make: *** [cmTC_4cf3d/fast] Error 2


